[debug] [2021-05-19T11:38:20.658Z] ----------------------------------------------------------------------
[debug] [2021-05-19T11:38:20.658Z] Command:       C:\Program Files (x86)\nodejs\node.exe C:\Users\Sushil\AppData\Roaming\npm\node_modules\firebase-tools\lib\bin\firebase.js login
[debug] [2021-05-19T11:38:20.674Z] CLI Version:   9.10.0
[debug] [2021-05-19T11:38:20.674Z] Platform:      win32
[debug] [2021-05-19T11:38:20.674Z] Node Version:  v12.22.1
[debug] [2021-05-19T11:38:20.674Z] Time:          Wed May 19 2021 17:08:20 GMT+0530 (India Standard Time)
[debug] [2021-05-19T11:38:20.674Z] ----------------------------------------------------------------------
[debug] 
[debug] [2021-05-19T11:38:20.690Z] >>> [apiv2][query] GET https://firebase-public.firebaseio.com/cli.json [none]
[info] i  Firebase optionally collects CLI usage and error reporting information to help improve our products. Data is collected in accordance with Google's privacy policy (https://policies.google.com/privacy) and is not used to identify you.
 
[info] i  To change your data collection preference at any time, run `firebase logout` and log in again. 
[info] 
[info] Visit this URL on this device to log in:
[info] https://accounts.google.com/o/oauth2/auth?client_id=563584335869-fgrhgmd47bqnekij5i8b5pr03ho849e6.apps.googleusercontent.com&scope=email%20openid%20https%3A%2F%2Fwww.googleapis.com%2Fauth%2Fcloudplatformprojects.readonly%20https%3A%2F%2Fwww.googleapis.com%2Fauth%2Ffirebase%20https%3A%2F%2Fwww.googleapis.com%2Fauth%2Fcloud-platform&response_type=code&state=56272298&redirect_uri=http%3A%2F%2Flocalhost%3A9005
[info] 
[info] Waiting for authentication...
[debug] [2021-05-19T11:38:31.634Z] Error: spawn cmd ENOENT
    at Process.ChildProcess._handle.onexit (internal/child_process.js:268:19)
    at onErrorNT (internal/child_process.js:470:16)
    at processTicksAndRejections (internal/process/task_queues.js:84:21)
[error] 
[error] Error: An unexpected error has occurred.
